 INFO  Accepting connections at http://localhost:37959
ill be installed: serve@14.2.6
 INFO  Accepting connections at http://localhost:3000
 HTTP  4/14/2026 6:54:43 AM ::1 GET /
 HTTP  4/14/2026 6:54:43 AM ::1 Returned 200 in 351 ms
 HTTP  4/14/2026 6:54:44 AM ::1 GET /_vercel/insights/script.js
 HTTP  4/14/2026 6:54:44 AM ::1 Returned 404 in 5 ms
 HTTP  4/14/2026 6:54:44 AM ::1 GET /_vercel/speed-insights/script.js
 HTTP  4/14/2026 6:54:44 AM ::1 Returned 404 in 15 ms
 HTTP  4/14/2026 6:56:27 AM ::1 GET /
 HTTP  4/14/2026 6:56:27 AM ::1 Returned 200 in 2 ms
 HTTP  4/14/2026 6:56:27 AM ::1 GET /_vercel/insights/script.js
 HTTP  4/14/2026 6:56:27 AM ::1 Returned 404 in 3 ms
 HTTP  4/14/2026 6:56:27 AM ::1 GET /_vercel/speed-insights/script.js
 HTTP  4/14/2026 6:56:27 AM ::1 Returned 404 in 2 ms
 HTTP  4/14/2026 6:58:18 AM ::1 GET /
 HTTP  4/14/2026 6:58:18 AM ::1 Returned 200 in 2 ms
 HTTP  4/14/2026 6:58:18 AM ::1 GET /_vercel/insights/script.js
 HTTP  4/14/2026 6:58:18 AM ::1 Returned 404 in 3 ms
 HTTP  4/14/2026 6:58:18 AM ::1 GET /_vercel/speed-insights/script.js
 HTTP  4/14/2026 6:58:18 AM ::1 Returned 404 in 1 ms
 HTTP  4/14/2026 7:04:05 AM ::1 GET /app.html
 HTTP  4/14/2026 7:04:05 AM ::1 Returned 301 in 1 ms
 HTTP  4/14/2026 7:04:05 AM ::1 GET /app
 HTTP  4/14/2026 7:04:05 AM ::1 Returned 200 in 4 ms
 HTTP  4/14/2026 7:04:05 AM ::1 GET /styles.css
 HTTP  4/14/2026 7:04:05 AM ::1 GET /data.js
 HTTP  4/14/2026 7:04:05 AM ::1 GET /app.js
 HTTP  4/14/2026 7:04:05 AM ::1 Returned 200 in 5 ms
 HTTP  4/14/2026 7:04:05 AM ::1 Returned 200 in 8 ms
 HTTP  4/14/2026 7:04:05 AM ::1 Returned 200 in 10 ms
 HTTP  4/14/2026 7:05:59 AM ::1 GET /app.html
 HTTP  4/14/2026 7:05:59 AM ::1 Returned 301 in 1 ms
 HTTP  4/14/2026 7:05:59 AM ::1 GET /app
 HTTP  4/14/2026 7:05:59 AM ::1 Returned 200 in 1 ms
 HTTP  4/14/2026 7:05:59 AM ::1 GET /styles.css
 HTTP  4/14/2026 7:05:59 AM ::1 Returned 200 in 4 ms
 HTTP  4/14/2026 7:05:59 AM ::1 GET /data.js
 HTTP  4/14/2026 7:05:59 AM ::1 GET /app.js
 HTTP  4/14/2026 7:05:59 AM ::1 Returned 200 in 1 ms
 HTTP  4/14/2026 7:05:59 AM ::1 Returned 200 in 1 ms
 HTTP  4/14/2026 7:06:10 AM ::1 GET /app
 HTTP  4/14/2026 7:06:10 AM ::1 Returned 304 in 2 ms
 HTTP  4/14/2026 7:06:10 AM ::1 GET /styles.css
 HTTP  4/14/2026 7:06:10 AM ::1 Returned 304 in 1 ms
 HTTP  4/14/2026 7:06:10 AM ::1 GET /data.js
 HTTP  4/14/2026 7:06:10 AM ::1 GET /app.js
 HTTP  4/14/2026 7:06:10 AM ::1 Returned 304 in 1 ms
 HTTP  4/14/2026 7:06:10 AM ::1 Returned 304 in 1 ms
 HTTP  4/14/2026 7:11:52 AM ::1 GET /app.html
 HTTP  4/14/2026 7:11:52 AM ::1 Returned 301 in 0 ms
 HTTP  4/14/2026 7:11:52 AM ::1 GET /app
 HTTP  4/14/2026 7:11:52 AM ::1 Returned 200 in 3 ms
 HTTP  4/14/2026 7:11:52 AM ::1 GET /styles.css
 HTTP  4/14/2026 7:11:52 AM ::1 Returned 200 in 2 ms
 HTTP  4/14/2026 7:11:52 AM ::1 GET /data.js
 HTTP  4/14/2026 7:11:52 AM ::1 GET /app.js
 HTTP  4/14/2026 7:11:52 AM ::1 Returned 200 in 14 ms
 HTTP  4/14/2026 7:11:52 AM ::1 Returned 200 in 17 ms
 HTTP  4/14/2026 7:11:57 AM ::1 GET /app
 HTTP  4/14/2026 7:11:57 AM ::1 Returned 304 in 1 ms
 HTTP  4/14/2026 7:11:57 AM ::1 GET /styles.css
 HTTP  4/14/2026 7:11:57 AM ::1 Returned 304 in 1 ms
 HTTP  4/14/2026 7:11:57 AM ::1 GET /data.js
 HTTP  4/14/2026 7:11:57 AM ::1 GET /app.js
 HTTP  4/14/2026 7:11:57 AM ::1 Returned 304 in 1 ms
 HTTP  4/14/2026 7:11:57 AM ::1 Returned 304 in 0 ms
 HTTP  4/14/2026 7:17:43 AM ::1 GET /app.html
 HTTP  4/14/2026 7:17:43 AM ::1 Returned 301 in 1 ms
 HTTP  4/14/2026 7:17:43 AM ::1 GET /app
 HTTP  4/14/2026 7:17:43 AM ::1 Returned 200 in 1 ms
 HTTP  4/14/2026 7:17:43 AM ::1 GET /styles.css
 HTTP  4/14/2026 7:17:43 AM ::1 Returned 200 in 5 ms
 HTTP  4/14/2026 7:17:43 AM ::1 GET /data.js
 HTTP  4/14/2026 7:17:43 AM ::1 GET /app.js
 HTTP  4/14/2026 7:17:43 AM ::1 Returned 200 in 9 ms
 HTTP  4/14/2026 7:17:43 AM ::1 Returned 200 in 14 ms
 HTTP  4/14/2026 7:23:03 AM ::1 GET /app.html
 HTTP  4/14/2026 7:23:03 AM ::1 Returned 301 in 1 ms
 HTTP  4/14/2026 7:23:03 AM ::1 GET /app
 HTTP  4/14/2026 7:23:03 AM ::1 Returned 200 in 1 ms
 HTTP  4/14/2026 7:23:03 AM ::1 GET /styles.css
 HTTP  4/14/2026 7:23:03 AM ::1 Returned 200 in 2 ms
 HTTP  4/14/2026 7:23:03 AM ::1 GET /data.js
 HTTP  4/14/2026 7:23:03 AM ::1 GET /app.js
 HTTP  4/14/2026 7:23:03 AM ::1 Returned 200 in 2 ms
 HTTP  4/14/2026 7:23:03 AM ::1 Returned 200 in 1 ms
